<?xml version="1.0" encoding="UTF-8"?>
<testsuite name="com.songdiary.SongDiary.diary.service.DiaryServiceTest" tests="1" skipped="0" failures="0" errors="0" timestamp="2024-02-20T16:05:26" hostname="DESKTOP-J7GQKVI" time="1.706">
  <properties/>
  <testcase name="일기작성()" classname="com.songdiary.SongDiary.diary.service.DiaryServiceTest" time="1.706"/>
  <system-out><![CDATA[01:05:16.732 [Test worker] INFO org.springframework.test.context.support.AnnotationConfigContextLoaderUtils -- Could not detect default configuration classes for test class [com.songdiary.SongDiary.diary.service.DiaryServiceTest]: DiaryServiceTest does not declare any static, non-private, non-final, nested classes annotated with @Configuration.
01:05:17.131 [Test worker] INFO org.springframework.boot.test.context.SpringBootTestContextBootstrapper -- Found @SpringBootConfiguration com.songdiary.SongDiary.SongDiaryApplication for test class com.songdiary.SongDiary.diary.service.DiaryServiceTest

  .   ____          _            __ _ _
 /\\ / ___'_ __ _ _(_)_ __  __ _ \ \ \ \
( ( )\___ | '_ | '_| | '_ \/ _` | \ \ \ \
 \\/  ___)| |_)| | | | | || (_| |  ) ) ) )
  '  |____| .__|_| |_|_| |_\__, | / / / /
 =========|_|==============|___/=/_/_/_/
 :: Spring Boot ::                (v3.2.2)

2024-02-21T01:05:17.996+09:00  INFO 11628 --- [    Test worker] c.s.S.diary.service.DiaryServiceTest     : Starting DiaryServiceTest using Java 17.0.9 with PID 11628 (started by 82104 in C:\Users\82104\OneDrive\바탕 화면\study\spring\project\SongDiary_git)
2024-02-21T01:05:17.999+09:00  INFO 11628 --- [    Test worker] c.s.S.diary.service.DiaryServiceTest     : No active profile set, falling back to 1 default profile: "default"
2024-02-21T01:05:19.753+09:00  INFO 11628 --- [    Test worker] .s.d.r.c.RepositoryConfigurationDelegate : Bootstrapping Spring Data JPA repositories in DEFAULT mode.
2024-02-21T01:05:19.911+09:00  INFO 11628 --- [    Test worker] .s.d.r.c.RepositoryConfigurationDelegate : Finished Spring Data repository scanning in 135 ms. Found 3 JPA repository interfaces.
2024-02-21T01:05:20.731+09:00  INFO 11628 --- [    Test worker] com.zaxxer.hikari.HikariDataSource       : HikariPool-1 - Starting...
2024-02-21T01:05:20.980+09:00  INFO 11628 --- [    Test worker] com.zaxxer.hikari.pool.HikariPool        : HikariPool-1 - Added connection conn0: url=jdbc:h2:tcp://localhost/~/songdiary user=SA
2024-02-21T01:05:20.991+09:00  INFO 11628 --- [    Test worker] com.zaxxer.hikari.HikariDataSource       : HikariPool-1 - Start completed.
2024-02-21T01:05:21.394+09:00  INFO 11628 --- [    Test worker] o.hibernate.jpa.internal.util.LogHelper  : HHH000204: Processing PersistenceUnitInfo [name: default]
2024-02-21T01:05:21.575+09:00  INFO 11628 --- [    Test worker] org.hibernate.Version                    : HHH000412: Hibernate ORM core version 6.4.1.Final
2024-02-21T01:05:21.646+09:00  INFO 11628 --- [    Test worker] o.h.c.internal.RegionFactoryInitiator    : HHH000026: Second-level cache disabled
2024-02-21T01:05:22.271+09:00  INFO 11628 --- [    Test worker] o.s.o.j.p.SpringPersistenceUnitInfo      : No LoadTimeWeaver setup: ignoring JPA class transformer
2024-02-21T01:05:23.991+09:00  INFO 11628 --- [    Test worker] o.h.e.t.j.p.i.JtaPlatformInitiator       : HHH000489: No JTA platform available (set 'hibernate.transaction.jta.platform' to enable JTA platform integration)
2024-02-21T01:05:24.075+09:00  INFO 11628 --- [    Test worker] j.LocalContainerEntityManagerFactoryBean : Initialized JPA EntityManagerFactory for persistence unit 'default'
2024-02-21T01:05:25.363+09:00  WARN 11628 --- [    Test worker] JpaBaseConfiguration$JpaWebConfiguration : spring.jpa.open-in-view is enabled by default. Therefore, database queries may be performed during view rendering. Explicitly configure spring.jpa.open-in-view to disable this warning
2024-02-21T01:05:26.158+09:00  WARN 11628 --- [    Test worker] ion$DefaultTemplateResolverConfiguration : Cannot find template location: classpath:/templates/ (please add some templates, check your Thymeleaf configuration, or set spring.thymeleaf.check-template-location=false)
2024-02-21T01:05:26.836+09:00  INFO 11628 --- [    Test worker] c.s.S.diary.service.DiaryServiceTest     : Started DiaryServiceTest in 9.351 seconds (process running for 11.867)
]]></system-out>
  <system-err><![CDATA[]]></system-err>
</testsuite>
