<?xml version="1.0" encoding="UTF-8"?>
<testsuite name="com.songdiary.SongDiary.song.service.SongServiceImplTest" tests="1" skipped="0" failures="0" errors="0" timestamp="2024-02-24T08:53:16" hostname="DESKTOP-J7GQKVI" time="2.281">
  <properties/>
  <testcase name="노래등록()" classname="com.songdiary.SongDiary.song.service.SongServiceImplTest" time="2.281"/>
  <system-out><![CDATA[17:53:04.240 [Test worker] INFO org.springframework.test.context.support.AnnotationConfigContextLoaderUtils -- Could not detect default configuration classes for test class [com.songdiary.SongDiary.song.service.SongServiceImplTest]: SongServiceImplTest does not declare any static, non-private, non-final, nested classes annotated with @Configuration.
17:53:04.582 [Test worker] INFO org.springframework.boot.test.context.SpringBootTestContextBootstrapper -- Found @SpringBootConfiguration com.songdiary.SongDiary.SongDiaryApplication for test class com.songdiary.SongDiary.song.service.SongServiceImplTest

  .   ____          _            __ _ _
 /\\ / ___'_ __ _ _(_)_ __  __ _ \ \ \ \
( ( )\___ | '_ | '_| | '_ \/ _` | \ \ \ \
 \\/  ___)| |_)| | | | | || (_| |  ) ) ) )
  '  |____| .__|_| |_|_| |_\__, | / / / /
 =========|_|==============|___/=/_/_/_/
 :: Spring Boot ::                (v3.2.2)

2024-02-24T17:53:05.673+09:00  INFO 21768 --- [    Test worker] c.s.S.song.service.SongServiceImplTest   : Starting SongServiceImplTest using Java 17.0.9 with PID 21768 (started by 82104 in C:\Users\82104\OneDrive\바탕 화면\study\spring\project\SongDiary)
2024-02-24T17:53:05.675+09:00  INFO 21768 --- [    Test worker] c.s.S.song.service.SongServiceImplTest   : No active profile set, falling back to 1 default profile: "default"
2024-02-24T17:53:07.766+09:00  INFO 21768 --- [    Test worker] .s.d.r.c.RepositoryConfigurationDelegate : Bootstrapping Spring Data JPA repositories in DEFAULT mode.
2024-02-24T17:53:08.002+09:00  INFO 21768 --- [    Test worker] .s.d.r.c.RepositoryConfigurationDelegate : Finished Spring Data repository scanning in 211 ms. Found 4 JPA repository interfaces.
2024-02-24T17:53:09.106+09:00  INFO 21768 --- [    Test worker] com.zaxxer.hikari.HikariDataSource       : HikariPool-1 - Starting...
2024-02-24T17:53:09.386+09:00  INFO 21768 --- [    Test worker] com.zaxxer.hikari.pool.HikariPool        : HikariPool-1 - Added connection conn0: url=jdbc:h2:tcp://localhost/~/songdiary user=SA
2024-02-24T17:53:09.392+09:00  INFO 21768 --- [    Test worker] com.zaxxer.hikari.HikariDataSource       : HikariPool-1 - Start completed.
2024-02-24T17:53:09.699+09:00  INFO 21768 --- [    Test worker] o.hibernate.jpa.internal.util.LogHelper  : HHH000204: Processing PersistenceUnitInfo [name: default]
2024-02-24T17:53:09.904+09:00  INFO 21768 --- [    Test worker] org.hibernate.Version                    : HHH000412: Hibernate ORM core version 6.4.1.Final
2024-02-24T17:53:09.995+09:00  INFO 21768 --- [    Test worker] o.h.c.internal.RegionFactoryInitiator    : HHH000026: Second-level cache disabled
2024-02-24T17:53:10.989+09:00  INFO 21768 --- [    Test worker] o.s.o.j.p.SpringPersistenceUnitInfo      : No LoadTimeWeaver setup: ignoring JPA class transformer
2024-02-24T17:53:13.497+09:00  INFO 21768 --- [    Test worker] o.h.e.t.j.p.i.JtaPlatformInitiator       : HHH000489: No JTA platform available (set 'hibernate.transaction.jta.platform' to enable JTA platform integration)
2024-02-24T17:53:13.582+09:00  INFO 21768 --- [    Test worker] j.LocalContainerEntityManagerFactoryBean : Initialized JPA EntityManagerFactory for persistence unit 'default'
2024-02-24T17:53:14.919+09:00  WARN 21768 --- [    Test worker] JpaBaseConfiguration$JpaWebConfiguration : spring.jpa.open-in-view is enabled by default. Therefore, database queries may be performed during view rendering. Explicitly configure spring.jpa.open-in-view to disable this warning
2024-02-24T17:53:15.866+09:00  WARN 21768 --- [    Test worker] ion$DefaultTemplateResolverConfiguration : Cannot find template location: classpath:/templates/ (please add some templates, check your Thymeleaf configuration, or set spring.thymeleaf.check-template-location=false)
2024-02-24T17:53:16.576+09:00  INFO 21768 --- [    Test worker] c.s.S.song.service.SongServiceImplTest   : Started SongServiceImplTest in 11.529 seconds (process running for 14.733)
]]></system-out>
  <system-err><![CDATA[]]></system-err>
</testsuite>
